<?xml version="1.0" encoding="UTF-8" ?>
<testsuite tests="1" failures="0" name="org.mchat.io.chatServer.message.ByteMessageTest" time="0.213" errors="1" skipped="0">
  <properties>
[...]
</properties>
  <testcase classname="org.mchat.io.chatServer.message.ByteMessageTest" name="testRouterByteBuf" time="0.213">
    <error message="direct buffer" type="java.lang.UnsupportedOperationException">java.lang.UnsupportedOperationException: direct buffer
	at io.netty.buffer.UnpooledUnsafeDirectByteBuf.array(UnpooledUnsafeDirectByteBuf.java:199)
	at io.netty.buffer.WrappedByteBuf.array(WrappedByteBuf.java:752)
	at org.mchat.io.chatServer.message.ByteMessageTest.testRouterByteBuf(ByteMessageTest.java:29)
	at sun.reflect.NativeMethodAccessorImpl.invoke0(Native Method)
	at sun.reflect.NativeMethodAccessorImpl.invoke(NativeMethodAccessorImpl.java:62)
	at sun.reflect.DelegatingMethodAccessorImpl.invoke(DelegatingMethodAccessorImpl.java:43)
	at java.lang.reflect.Method.invoke(Method.java:498)
	at junit.framework.TestCase.runTest(TestCase.java:176)
	at junit.framework.TestCase.runBare(TestCase.java:141)
	at junit.framework.TestResult$1.protect(TestResult.java:122)
	at junit.framework.TestResult.runProtected(TestResult.java:142)
	at junit.framework.TestResult.run(TestResult.java:125)
	at junit.framework.TestCase.run(TestCase.java:129)
	at junit.framework.TestSuite.runTest(TestSuite.java:255)
	at junit.framework.TestSuite.run(TestSuite.java:250)
	at org.junit.internal.runners.JUnit38ClassRunner.run(JUnit38ClassRunner.java:84)
	at org.apache.maven.surefire.junit4.JUnit4Provider.execute(JUnit4Provider.java:252)
	at org.apache.maven.surefire.junit4.JUnit4Provider.executeTestSet(JUnit4Provider.java:141)
	at org.apache.maven.surefire.junit4.JUnit4Provider.invoke(JUnit4Provider.java:112)
	at sun.reflect.NativeMethodAccessorImpl.invoke0(Native Method)
	at sun.reflect.NativeMethodAccessorImpl.invoke(NativeMethodAccessorImpl.java:62)
	at sun.reflect.DelegatingMethodAccessorImpl.invoke(DelegatingMethodAccessorImpl.java:43)
	at java.lang.reflect.Method.invoke(Method.java:498)
	at org.apache.maven.surefire.util.ReflectionUtils.invokeMethodWithArray(ReflectionUtils.java:189)
	at org.apache.maven.surefire.booter.ProviderFactory$ProviderProxy.invoke(ProviderFactory.java:165)
	at org.apache.maven.surefire.booter.ProviderFactory.invokeProvider(ProviderFactory.java:85)
	at org.apache.maven.surefire.booter.ForkedBooter.runSuitesInProcess(ForkedBooter.java:115)
	at org.apache.maven.surefire.booter.ForkedBooter.main(ForkedBooter.java:75)
</error>
    <system-out>[DEBUG] [io.netty.util.internal.logging.InternalLoggerFactory.&lt;clinit&gt;(InternalLoggerFactory.java:45)] gerFactory - Using Log4J as the default logging framework
[DEBUG] [io.netty.util.internal.PlatformDependent.isRoot0(PlatformDependent.java:370)] mDependent - UID: 501
[DEBUG] [io.netty.util.internal.PlatformDependent.javaVersion0(PlatformDependent.java:447)] mDependent - Java version: 8
[DEBUG] [io.netty.util.internal.PlatformDependent.hasUnsafe0(PlatformDependent.java:454)] mDependent - -Dio.netty.noUnsafe: false
[DEBUG] [io.netty.util.internal.PlatformDependent0.&lt;clinit&gt;(PlatformDependent0.java:61)] Dependent0 - java.nio.ByteBuffer.cleaner: available
[DEBUG] [io.netty.util.internal.PlatformDependent0.&lt;clinit&gt;(PlatformDependent0.java:80)] Dependent0 - java.nio.Buffer.address: available
[DEBUG] [io.netty.util.internal.PlatformDependent0.&lt;clinit&gt;(PlatformDependent0.java:88)] Dependent0 - sun.misc.Unsafe.theUnsafe: available
[DEBUG] [io.netty.util.internal.PlatformDependent0.&lt;clinit&gt;(PlatformDependent0.java:98)] Dependent0 - sun.misc.Unsafe.copyMemory: available
[DEBUG] [io.netty.util.internal.PlatformDependent0.&lt;clinit&gt;(PlatformDependent0.java:138)] Dependent0 - java.nio.Bits.unaligned: true
[DEBUG] [io.netty.util.internal.PlatformDependent.hasUnsafe0(PlatformDependent.java:481)] mDependent - sun.misc.Unsafe: available
[DEBUG] [io.netty.util.internal.PlatformDependent.hasJavassist0(PlatformDependent.java:559)] mDependent - -Dio.netty.noJavassist: false
[DEBUG] [io.netty.util.internal.PlatformDependent.hasJavassist0(PlatformDependent.java:571)] mDependent - Javassist: unavailable
[DEBUG] [io.netty.util.internal.PlatformDependent.hasJavassist0(PlatformDependent.java:572)] mDependent - You don&apos;t have Javassist in your class path or you don&apos;t have enough permission to load dynamically generated classes.  Please check the configuration for better performance.
[DEBUG] [io.netty.util.internal.PlatformDependent.&lt;clinit&gt;(PlatformDependent.java:76)] mDependent - -Dio.netty.noPreferDirect: false
[DEBUG] [io.netty.util.ResourceLeakDetector.&lt;clinit&gt;(ResourceLeakDetector.java:79)] akDetector - -Dio.netty.leakDetectionLevel: simple
1
</system-out>
  </testcase>
</testsuite>